Build started 1/16/2012 2:01:36 PM.
     1>Project "C:\Users\Tzvi\Documents\VS Projects\Call-Log\SQLLITE\sqlite-source\sqlite3.vcxproj" on node 2 (build target(s)).
     1>InitializeBuildStatus:
         Touching "Debug\sqlite3.unsuccessfulbuild".
       PreBuildEvent:
         LIB /DEF:sqlite3.def
         :VCEnd
         Microsoft (R) Library Manager Version 10.00.40219.01
         Copyright (C) Microsoft Corporation.  All rights reserved.
         
     1>LINK : warning LNK4068: /MACHINE not specified; defaulting to X86
            Creating library sqlite3.lib and object sqlite3.exp
       ClCompile:
         All outputs are up-to-date.
         c:\Program Files (x86)\Microsoft Visual Studio 10.0\VC\bin\CL.exe /c /I. /Zi /nologo /W3 /WX- /Od /Oy- /D WIN32 /D _DEBUG /D _WINDOWS /D _USRDLL /D SQLITE3_EXPORTS /D NO_TCL /D _WINDLL /Gm /EHsc /RTC1 /MDd /GS /fp:precise /Zc:wchar_t /Zc:forScope /Fo"Debug\\" /Fd"Debug\vc100.pdb" /Gd /TC /analyze- /errorReport:prompt shell.c sqlite3.c
         sqlite3.c
         shell.c
         Generating Code...
       ManifestResourceCompile:
         All outputs are up-to-date.
       Link:
         c:\Program Files (x86)\Microsoft Visual Studio 10.0\VC\bin\link.exe /ERRORREPORT:PROMPT /OUT:"C:\Users\Tzvi\Documents\VS Projects\Call-Log\SQLLITE\sqlite-source\Debug\sqlite3.dll" /INCREMENTAL /NOLOGO kernel32.lib user32.lib gdi32.lib winspool.lib comdlg32.lib advapi32.lib shell32.lib ole32.lib oleaut32.lib uuid.lib odbc32.lib odbccp32.lib /DEF:"sqlite3.def" /MANIFEST /ManifestFile:"Debug\sqlite3.dll.intermediate.manifest" /MANIFESTUAC:"level='asInvoker' uiAccess='false'" /DEBUG /PDB:"C:\Users\Tzvi\Documents\VS Projects\Call-Log\SQLLITE\sqlite-source\Debug\sqlite3.pdb" /SUBSYSTEM:WINDOWS /TLBID:1 /DYNAMICBASE /NXCOMPAT /IMPLIB:"C:\Users\Tzvi\Documents\VS Projects\Call-Log\SQLLITE\sqlite-source\Debug\sqlite3.lib" /MACHINE:X86 /DLL Debug\sqlite3.dll.embed.manifest.res
         Debug\shell.obj
         Debug\sqlite3.obj
     1>sqlite3.def : error LNK2001: unresolved external symbol sqlite3_column_database_name
     1>sqlite3.def : error LNK2001: unresolved external symbol sqlite3_column_database_name16
     1>sqlite3.def : error LNK2001: unresolved external symbol sqlite3_column_origin_name
     1>sqlite3.def : error LNK2001: unresolved external symbol sqlite3_column_origin_name16
     1>sqlite3.def : error LNK2001: unresolved external symbol sqlite3_column_table_name
     1>sqlite3.def : error LNK2001: unresolved external symbol sqlite3_column_table_name16
     1>sqlite3.def : error LNK2001: unresolved external symbol sqlite3_rtree_geometry_callback
     1>sqlite3.def : error LNK2001: unresolved external symbol sqlite3_table_column_metadata
     1>C:\Users\Tzvi\Documents\VS Projects\Call-Log\SQLLITE\sqlite-source\Debug\sqlite3.lib : fatal error LNK1120: 8 unresolved externals
     1>Done Building Project "C:\Users\Tzvi\Documents\VS Projects\Call-Log\SQLLITE\sqlite-source\sqlite3.vcxproj" (build target(s)) -- FAILED.

Build FAILED.

Time Elapsed 00:00:04.82
